<?xml version="1.0" encoding="UTF-8"?>
<!-- Generated by org.testng.reporters.JUnitReportReporter -->
<testsuite skipped="0" hostname="hp" name="com.cart.testcases.cartTestCases.AddToCartTests" tests="1" failures="0" timestamp="2025-01-01T23:08:18 IST" time="15.557" errors="0">
  <testcase name="TC001_add3LowestPriceItemsToCartWith" time="15.557" classname="com.cart.testcases.cartTestCases.AddToCartTests"/>
  <system-out/>
</testsuite> <!-- com.cart.testcases.cartTestCases.AddToCartTests -->
