<?xml version="1.0" encoding="UTF-8"?>
<!-- Generated by org.testng.reporters.JUnitReportReporter -->
<testsuite skipped="0" hostname="hp" name="com.inetbanking.testcases.TC0003_AddToCartTest" tests="2" failures="0" timestamp="2023-05-09T22:28:48 IST" time="13.539" errors="0">
  <testcase name="purchaceProductTest" time="2.518" classname="com.inetbanking.testcases.TC0003_AddToCartTest"/>
  <system-out/>
  <testcase name="addToCartTest" time="11.021" classname="com.inetbanking.testcases.TC0003_AddToCartTest"/>
  <system-out/>
</testsuite> <!-- com.inetbanking.testcases.TC0003_AddToCartTest -->
