<?xml version="1.0" encoding="UTF-8"?>
<!-- Generated by org.testng.reporters.JUnitReportReporter -->
<testsuite skipped="0" hostname="hp" name="com.inetbanking.testcases.TC0001_RegistrationTest" tests="1" failures="0" timestamp="2024-12-31T12:47:13 IST" time="4.711" errors="0">
  <testcase name="TC0001_RegistrationTestCase" time="4.711" classname="com.inetbanking.testcases.TC0001_RegistrationTest"/>
  <system-out/>
</testsuite> <!-- com.inetbanking.testcases.TC0001_RegistrationTest -->
