<?xml version="1.0" encoding="UTF-8"?>
<!-- Generated by org.testng.reporters.JUnitReportReporter -->
<testsuite skipped="1" hostname="hp" name="com.cart.testcases.CartPageTests" tests="2" failures="0" timestamp="2025-01-19T13:04:18 IST" time="17.662" errors="0">
  <testcase name="TC002" time="17.662" classname="com.cart.testcases.CartPageTests"/>
  <system-out/>
  <testcase name="TC001_add3LowestPriceItemsToCartWith" classname="com.cart.testcases.CartPageTests">
    <skipped/>
  </testcase> <!-- TC001_add3LowestPriceItemsToCartWith -->
  <system-out/>
</testsuite> <!-- com.cart.testcases.CartPageTests -->
