<?xml version="1.0" encoding="UTF-8"?>
<!-- Generated by org.testng.reporters.JUnitReportReporter -->
<testsuite skipped="0" hostname="hp" name="com.cart.testcases.TC0002_LoginTest" tests="2" failures="0" timestamp="2025-01-05T13:55:11 IST" time="12.358" errors="0">
  <testcase name="loginWithInvalidCreds" time="8.715" classname="com.cart.testcases.TC0002_LoginTest"/>
  <system-out/>
  <testcase name="doLoginInCart" time="3.643" classname="com.cart.testcases.TC0002_LoginTest"/>
  <system-out/>
</testsuite> <!-- com.cart.testcases.TC0002_LoginTest -->
