<?xml version="1.0" encoding="UTF-8"?>
<!-- Generated by org.testng.reporters.JUnitReportReporter -->
<testsuite skipped="0" hostname="hp" name="com.cart.testcases.accesoriestests.AccesoriesTest" tests="1" failures="0" timestamp="2025-01-13T22:53:34 IST" time="5.859" errors="0">
  <testcase name="TC_006" time="5.859" classname="com.cart.testcases.accesoriestests.AccesoriesTest"/>
  <system-out/>
</testsuite> <!-- com.cart.testcases.accesoriestests.AccesoriesTest -->
