<?xml version="1.0" encoding="UTF-8"?>
<!-- Generated by org.testng.reporters.JUnitReportReporter -->
<testsuite skipped="0" hostname="hp" name="com.cart.testcases.TC0002_LoginTest" tests="1" failures="0" timestamp="2025-01-01T22:16:25 IST" time="3.989" errors="0">
  <testcase name="doLoginInCart" time="3.989" classname="com.cart.testcases.TC0002_LoginTest"/>
  <system-out/>
</testsuite> <!-- com.cart.testcases.TC0002_LoginTest -->
