<?xml version="1.0" encoding="UTF-8"?>
<!-- Generated by org.testng.reporters.JUnitReportReporter -->
<testsuite skipped="1" hostname="hp" name="com.cart.testcases.HomePageTests" tests="2" failures="0" timestamp="2025-01-19T12:01:25 IST" time="12.793" errors="0">
  <testcase name="TC002" time="12.793" classname="com.cart.testcases.HomePageTests"/>
  <system-out/>
  <testcase name="TC001" classname="com.cart.testcases.HomePageTests">
    <skipped/>
  </testcase> <!-- TC001 -->
  <system-out/>
</testsuite> <!-- com.cart.testcases.HomePageTests -->
