<?xml version="1.0" encoding="UTF-8"?>
<!-- Generated by org.testng.reporters.JUnitReportReporter -->
<testsuite skipped="0" hostname="hp" name="com.inetbanking.dataprovider.MapWIthDataProvider" tests="1" failures="0" timestamp="2023-02-20T22:48:55 IST" time="0.012" errors="0">
  <testcase name="testDatProvider" time="0.012" classname="com.inetbanking.dataprovider.MapWIthDataProvider"/>
  <system-out/>
</testsuite> <!-- com.inetbanking.dataprovider.MapWIthDataProvider -->
