<?xml version="1.0" encoding="UTF-8"?>
<!-- Generated by org.testng.reporters.JUnitReportReporter -->
<testsuite skipped="0" hostname="hp" name="com.inetbanking.testcases.TC0003_AddToCartTest" tests="2" failures="0" timestamp="2023-05-09T23:03:27 IST" time="21.295" errors="0">
  <testcase name="purchaceProductTest" time="2.389" classname="com.inetbanking.testcases.TC0003_AddToCartTest"/>
  <system-out/>
  <testcase name="addToCartTest" time="18.906" classname="com.inetbanking.testcases.TC0003_AddToCartTest"/>
  <system-out/>
</testsuite> <!-- com.inetbanking.testcases.TC0003_AddToCartTest -->
