<?xml version="1.0" encoding="UTF-8"?>
<!-- Generated by org.testng.reporters.JUnitReportReporter -->
<testsuite skipped="1" hostname="hp" name="com.cart.testcases.CartPageTests" tests="2" failures="0" timestamp="2025-01-24T21:45:30 IST" time="16.785" errors="0">
  <testcase name="TC009" time="16.785" classname="com.cart.testcases.CartPageTests"/>
  <system-out/>
  <testcase name="TC001_add3LowestPriceItemsToCartWith" classname="com.cart.testcases.CartPageTests">
    <skipped/>
  </testcase> <!-- TC001_add3LowestPriceItemsToCartWith -->
  <system-out/>
</testsuite> <!-- com.cart.testcases.CartPageTests -->
