<?xml version="1.0" encoding="UTF-8"?>
<!-- Generated by org.testng.reporters.JUnitReportReporter -->
<testsuite skipped="0" hostname="hp" name="com.inetbanking.datprovider.dataProvider" tests="1" failures="0" timestamp="2023-02-18T14:45:52 IST" time="0.024" errors="0">
  <testcase name="demoTest" time="0.024" classname="com.inetbanking.datprovider.dataProvider"/>
  <system-out/>
</testsuite> <!-- com.inetbanking.datprovider.dataProvider -->
