<?xml version="1.0" encoding="UTF-8"?>
<!-- Generated by org.testng.reporters.JUnitReportReporter -->
<testsuite skipped="1" hostname="hp" name="com.cart.testcases.storePageTests.StorePageTests" tests="2" failures="0" timestamp="2025-01-05T13:08:01 IST" time="5.641" errors="1">
  <testcase name="setUp" time="5.641" classname="com.cart.testcases.storePageTests.StorePageTests">
    <error type="java.lang.Error" message="Unresolved compilation problem: 
	Implicit super constructor BasePage() is undefined. Must explicitly invoke another constructor
">
      <![CDATA[java.lang.Error: Unresolved compilation problem: 
Implicit super constructor BasePage() is undefined. Must explicitly invoke another constructor

at com.cart.pages.RegistrationPage.<init>(RegistrationPage.java:12)
at com.cart.base.TestBase.setUp(TestBase.java:95)
at sun.reflect.NativeMethodAccessorImpl.invoke0(Native Method)
at sun.reflect.NativeMethodAccessorImpl.invoke(NativeMethodAccessorImpl.java:62)
at sun.reflect.DelegatingMethodAccessorImpl.invoke(DelegatingMethodAccessorImpl.java:43)
at java.lang.reflect.Method.invoke(Method.java:498)
at org.testng.internal.MethodInvocationHelper.invokeMethod(MethodInvocationHelper.java:132)
at org.testng.internal.MethodInvocationHelper.invokeMethodConsideringTimeout(MethodInvocationHelper.java:61)
at org.testng.internal.ConfigInvoker.invokeConfigurationMethod(ConfigInvoker.java:366)
at org.testng.internal.ConfigInvoker.invokeConfigurations(ConfigInvoker.java:320)
at org.testng.TestRunner.invokeTestConfigurations(TestRunner.java:617)
at org.testng.TestRunner.beforeRun(TestRunner.java:607)
at org.testng.TestRunner.run(TestRunner.java:578)
at org.testng.SuiteRunner.runTest(SuiteRunner.java:384)
at org.testng.SuiteRunner.runSequentially(SuiteRunner.java:378)
at org.testng.SuiteRunner.privateRun(SuiteRunner.java:337)
at org.testng.SuiteRunner.run(SuiteRunner.java:286)
at org.testng.SuiteRunnerWorker.runSuite(SuiteRunnerWorker.java:53)
at org.testng.SuiteRunnerWorker.run(SuiteRunnerWorker.java:96)
at org.testng.TestNG.runSuitesSequentially(TestNG.java:1218)
at org.testng.TestNG.runSuitesLocally(TestNG.java:1140)
at org.testng.TestNG.runSuites(TestNG.java:1069)
at org.testng.TestNG.run(TestNG.java:1037)
at org.testng.remote.AbstractRemoteTestNG.run(AbstractRemoteTestNG.java:115)
at org.testng.remote.RemoteTestNG.initAndRun(RemoteTestNG.java:251)
at org.testng.remote.RemoteTestNG.main(RemoteTestNG.java:77)
]]>
    </error>
  </testcase> <!-- setUp -->
  <system-out/>
  <testcase name="TC001_add3LowestPriceItemsToCartWith" time="0.000" classname="com.cart.testcases.storePageTests.StorePageTests">
    <skipped/>
  </testcase> <!-- TC001_add3LowestPriceItemsToCartWith -->
  <system-out/>
</testsuite> <!-- com.cart.testcases.storePageTests.StorePageTests -->
