<?xml version="1.0" encoding="UTF-8"?>
<!-- Generated by org.testng.reporters.JUnitReportReporter -->
<testsuite skipped="0" hostname="hp" name="com.cart.testcases.accesoriestests.AccesoriesTest" tests="5" failures="0" timestamp="2025-01-09T23:02:42 IST" time="20.847" errors="0">
  <testcase name="TC_001" time="8.334" classname="com.cart.testcases.accesoriestests.AccesoriesTest"/>
  <system-out/>
  <testcase name="TC_002" time="2.652" classname="com.cart.testcases.accesoriestests.AccesoriesTest"/>
  <system-out/>
  <testcase name="TC_003" time="4.885" classname="com.cart.testcases.accesoriestests.AccesoriesTest"/>
  <system-out/>
  <testcase name="TC_004" time="2.829" classname="com.cart.testcases.accesoriestests.AccesoriesTest"/>
  <system-out/>
  <testcase name="TC_005" time="2.147" classname="com.cart.testcases.accesoriestests.AccesoriesTest"/>
  <system-out/>
</testsuite> <!-- com.cart.testcases.accesoriestests.AccesoriesTest -->
