<?xml version="1.0" encoding="UTF-8"?>
<!-- Generated by org.testng.reporters.JUnitReportReporter -->
<testsuite skipped="0" hostname="hp" name="com.cart.testcases.TC0002_LoginTest" tests="1" failures="0" timestamp="2024-12-31T22:14:56 IST" time="4.409" errors="0">
  <testcase name="doLoginInCart" time="4.409" classname="com.cart.testcases.TC0002_LoginTest"/>
  <system-out/>
</testsuite> <!-- com.cart.testcases.TC0002_LoginTest -->
