<?xml version="1.0" encoding="UTF-8"?>
<!-- Generated by org.testng.reporters.JUnitReportReporter -->
<testsuite skipped="0" hostname="hp" name="com.cart.testcases.accesoriestests.AccesoriesTest" tests="2" failures="0" timestamp="2025-01-08T22:32:12 IST" time="10.980" errors="0">
  <testcase name="TC_001" time="8.049" classname="com.cart.testcases.accesoriestests.AccesoriesTest"/>
  <system-out/>
  <testcase name="TC_002" time="2.931" classname="com.cart.testcases.accesoriestests.AccesoriesTest"/>
  <system-out/>
</testsuite> <!-- com.cart.testcases.accesoriestests.AccesoriesTest -->
