<?xml version="1.0" encoding="UTF-8"?>
<!-- Generated by org.testng.reporters.JUnitReportReporter -->
<testsuite skipped="0" hostname="hp" name="com.inetbanking.testcases.TC003_AddNewCustomer" tests="1" failures="0" timestamp="2023-02-23T22:52:18 IST" time="13.832" errors="0">
  <testcase name="addNewCustomer" time="13.832" classname="com.inetbanking.testcases.TC003_AddNewCustomer"/>
  <system-out/>
</testsuite> <!-- com.inetbanking.testcases.TC003_AddNewCustomer -->
