<?xml version="1.0" encoding="UTF-8"?>
<!-- Generated by org.testng.reporters.JUnitReportReporter -->
<testsuite skipped="0" hostname="hp" name="com.inetbanking.testcases.TC0002_LoginTest" tests="1" failures="0" timestamp="2024-12-31T12:50:55 IST" time="3.618" errors="0">
  <testcase name="doLoginInCart" time="3.618" classname="com.inetbanking.testcases.TC0002_LoginTest"/>
  <system-out/>
</testsuite> <!-- com.inetbanking.testcases.TC0002_LoginTest -->
