<?xml version="1.0" encoding="UTF-8"?>
<!-- Generated by org.testng.reporters.JUnitReportReporter -->
<testsuite skipped="0" hostname="hp" name="com.cart.testcases.CheckOutPageTest" tests="1" failures="0" timestamp="2025-02-01T12:27:47 IST" time="19.172" errors="0">
  <testcase name="TC003" time="19.172" classname="com.cart.testcases.CheckOutPageTest"/>
  <system-out/>
</testsuite> <!-- com.cart.testcases.CheckOutPageTest -->
